
ROM used:   2748/32768 (8%)
            2748/32768 (8%) including unused fragments

            1.3 Average locations per line
            7.1 Average locations per statement

RAM used:   204/2048 (10%) at main() level
            239/2048 (12%) worst case

Stack used: 10 worst case (10 in main + 0 for interrupts)
Stack size: 31

Lines Stmts  %   Files
----- ----- ---  -----
  378   176  46  Practica_2.c
  837     0   0  ..\..\..\..\Program Files (x86)\PICC\Devices\18f4550.h
  423   125  32  ..\..\..\..\Program Files (x86)\PICC\Drivers\string.h
   32     0   0  ..\..\..\..\Program Files (x86)\PICC\Drivers\stddef.h
   28     0   0  ..\..\..\..\Program Files (x86)\PICC\Drivers\ctype.h
  456    84  22  ..\..\..\..\Program Files (x86)\PICC\Drivers\lcd.c
----- -----
 2154   385 Total

Page ROM  %  RAM   Vol Diff  Functions:
---- --- --- ---   --- ----  ----------
0    116   2    5   231  6.6  strcmp
0     38   1    1             @delay_ms1
0     62   1    3   596  5.9  lcd_read_byte
0     12   0    0    59  4.2  lcd_read_nibble
0     26   0    1   179  3.3  lcd_send_nibble
0     58   1    3   460  4.7  lcd_send_byte
0    120   2    6   814  7.2  lcd_init
0     34   1    4   208  6.3  lcd_gotoxy
0     80   1    1   354  4.7  lcd_putc
0    454   8    6   742  5.7  MAIN
0      2   0    0             @const825
0     32   1    2             @PSTRINGC_767
0      2   0    0             @const827
0    108   2    3   433  6.1  acceso_permitido
0     18   0    0             @const829
0     18   0    0   439  4.3  @const830
0     18   0    0             @const831
0     18   0    0             @const832
0      2   0    0  1116  6.3  @const833
0    276   5    5  1116  6.3  cambiar_clave
0      2   0    0   765 10.3  @const835
0    160   3    8   747  9.8  obtener_nueva_clave
0     36   1    2             @PSTRINGR_767
0      4   0    0             @const842
0      2   0    0   490  5.4  @const843
0    124   2    2   490  5.4  esperar
0      2   0    0   822 10.8  @const844
0     14   0    0             @const845
0     40   1    3   439  4.3  @DIV88
0      8   0    0             @const850
0      2   0    0   747  9.8  @const851
0    170   3    6   747  9.8  ingresar_clave
0     10   0    0   439  4.3  @const853
0      4   0    0   439  4.3  @const856
0      2   0    0   681  6.6  @const857
0    174   3    6   681  6.6  mensage_info
0      2   0    0   490  5.4  @const860
0      2   0    0   142  4.5  @const861
0     32   1    6   142  4.5  inicializar
0    146   3    1   439  4.3  cargando
0     10   0    0   439  4.3  @const863
0      2   0    0   439  4.3  @const866
0     32   1    0   887  6.9  @const871
0    162   3    3   887  6.9  com_tecla
0    100   2    1   470  4.4  comando_tecla
0      4   0    0   439  4.3  @const880
0      4   0    0   439  4.3  @const881
 Inline         0             @cinit1

Program metrics:
    Functions               36
    Statements              385
    Comments                425
    Volume (V)              36199
    Difficulty (D)          210.4
    Effort to implement (E) 7616874
    Time to implement (T)   117 hours, 33 minutes
    Est Delivered Bugs (B)  13
    Cyclomatic Complexity   85
    Maintainability (MI)    55

 Segment     Used  Free
-----------  ----  ----
00000-00002     4  0  
00004-07FFE  2744  30020  



